2022-06-22 12:44:52,982:INFO:PyCaret Supervised Module
2022-06-22 12:44:52,982:INFO:ML Usecase: clustering
2022-06-22 12:44:52,982:INFO:version 2.3.6
2022-06-22 12:44:52,982:INFO:Initializing setup()
2022-06-22 12:44:52,982:INFO:setup(target=None, ml_usecase=clustering, available_plots={'cluster': 'Cluster PCA Plot (2d)', 'tsne': 'Cluster TSnE (3d)', 'elbow': 'Elbow', 'silhouette': 'Silhouette', 'distance': 'Distance', 'distribution': 'Distribution'}, train_size=0.7, test_data=None, preprocess=True, imputation_type=simple, iterative_imputation_iters=5, categorical_features=None, categorical_imputation=mode, categorical_iterative_imputer=lightgbm, ordinal_features=None, high_cardinality_features=None, high_cardinality_method=frequency, numeric_features=None, numeric_imputation=mean, numeric_iterative_imputer=lightgbm, date_features=None, ignore_features=None, normalize=True, normalize_method=zscore, transformation=False, transformation_method=yeo-johnson, handle_unknown_categorical=True, unknown_categorical_method=least_frequent, pca=False, pca_method=linear, pca_components=None, ignore_low_variance=False, combine_rare_levels=False, rare_level_threshold=0.1, bin_numeric_features=None, remove_outliers=False, outliers_threshold=0.05, remove_multicollinearity=False, multicollinearity_threshold=0.9, remove_perfect_collinearity=False, create_clusters=False, cluster_iter=20, polynomial_features=False, polynomial_degree=2, trigonometry_features=False, polynomial_threshold=0.1, group_features=None, group_names=None, feature_selection=False, feature_selection_threshold=0.8, feature_selection_method=classic, feature_interaction=False, feature_ratio=False, interaction_threshold=0.01, fix_imbalance=False, fix_imbalance_method=None, transform_target=False, transform_target_method=box-cox, data_split_shuffle=False, data_split_stratify=False, fold_strategy=kfold, fold=10, fold_shuffle=False, fold_groups=None, n_jobs=-1, use_gpu=False, custom_pipeline=None, html=True, session_id=None, log_experiment=False, experiment_name=None, log_plots=False, log_profile=False, log_data=False, silent=False, verbose=True, profile=False, profile_kwargs=None, display=None)
2022-06-22 12:44:52,983:INFO:Checking environment
2022-06-22 12:44:52,983:INFO:python_version: 3.8.8
2022-06-22 12:44:52,983:INFO:python_build: ('default', 'Feb 24 2021 15:54:32')
2022-06-22 12:44:52,983:INFO:machine: AMD64
2022-06-22 12:44:52,983:INFO:platform: Windows-10-10.0.19041-SP0
2022-06-22 12:44:52,983:INFO:Memory: svmem(total=34221117440, available=25913065472, percent=24.3, used=8308051968, free=25913065472)
2022-06-22 12:44:52,983:INFO:Physical Core: 4
2022-06-22 12:44:52,983:INFO:Logical Core: 8
2022-06-22 12:44:52,983:INFO:Checking libraries
2022-06-22 12:44:52,983:INFO:pd==1.2.4
2022-06-22 12:44:52,983:INFO:numpy==1.21.5
2022-06-22 12:44:52,983:INFO:sklearn==0.23.2
2022-06-22 12:44:52,983:INFO:lightgbm==3.2.1
2022-06-22 12:44:52,984:WARNING:catboost not found
2022-06-22 12:44:53,069:INFO:xgboost==1.5.0
2022-06-22 12:44:54,018:INFO:mlflow==1.23.1
2022-06-22 12:44:54,018:INFO:Checking Exceptions
2022-06-22 12:44:54,018:INFO:Declaring global variables
2022-06-22 12:44:54,019:INFO:USI: 0e94
2022-06-22 12:44:54,019:INFO:pycaret_globals: {'_all_metrics', 'fold_generator', 'transform_target_param', 'create_model_container', 'pycaret_globals', 'data_before_preprocess', 'fix_imbalance_param', '_available_plots', 'logging_param', 'exp_name_log', 'master_model_container', 'fold_shuffle_param', 'stratify_param', 'fold_groups_param', 'display_container', 'prep_pipe', 'n_jobs_param', 'fold_groups_param_full', 'gpu_param', 'X', '_ml_usecase', 'html_param', 'USI', 'fold_param', 'target_param', 'experiment__', 'imputation_classifier', 'iterative_imputation_iters_param', '_all_models_internal', '_internal_pipeline', 'fix_imbalance_method_param', 'seed', '_all_models', '_gpu_n_jobs_param', 'imputation_regressor', 'transform_target_method_param', 'log_plots_param'}
2022-06-22 12:44:54,019:INFO:Preparing display monitor
2022-06-22 12:44:54,019:INFO:Preparing display monitor
2022-06-22 12:44:54,028:INFO:Importing libraries
2022-06-22 12:44:54,028:INFO:Copying data for preprocessing
2022-06-22 12:44:54,034:INFO:Declaring preprocessing parameters
2022-06-22 12:44:54,035:INFO:Creating preprocessing pipeline
2022-06-22 12:44:54,043:INFO:Preprocessing pipeline created successfully
2022-06-22 12:44:54,043:ERROR:(Process Exit): setup has been interupted with user command 'quit'. setup must rerun.
2022-06-22 12:44:54,043:INFO:Creating global containers
2022-06-22 12:44:54,045:INFO:Internal pipeline: Pipeline(memory=None, steps=[('empty_step', 'passthrough')], verbose=False)
2022-06-22 12:44:55,058:INFO:Creating grid variables
2022-06-22 12:44:55,071:INFO:create_model_container: 0
2022-06-22 12:44:55,071:INFO:master_model_container: 0
2022-06-22 12:44:55,071:INFO:display_container: 1
2022-06-22 12:44:55,074:INFO:Pipeline(memory=None,
         steps=[('dtypes',
                 DataTypes_Auto_infer(categorical_features=[],
                                      display_types=True, features_todrop=[],
                                      id_columns=[], ml_usecase='regression',
                                      numerical_features=[],
                                      target='UNSUPERVISED_DUMMY_TARGET',
                                      time_features=[])),
                ('imputer',
                 Simple_Imputer(categorical_strategy='most frequent',
                                fill_value_categorical=None,
                                fill_value_numerical=None...
                ('P_transform', 'passthrough'), ('binn', 'passthrough'),
                ('rem_outliers', 'passthrough'), ('cluster_all', 'passthrough'),
                ('dummy', Dummify(target='UNSUPERVISED_DUMMY_TARGET')),
                ('fix_perfect', 'passthrough'),
                ('clean_names', Clean_Colum_Names()),
                ('feature_select', 'passthrough'), ('fix_multi', 'passthrough'),
                ('dfs', 'passthrough'), ('pca', 'passthrough')],
         verbose=False)
2022-06-22 12:44:55,075:INFO:setup() succesfully completed......................................
2022-06-22 12:45:14,557:INFO:PyCaret Supervised Module
2022-06-22 12:45:14,557:INFO:ML Usecase: clustering
2022-06-22 12:45:14,557:INFO:version 2.3.6
2022-06-22 12:45:14,557:INFO:Initializing setup()
2022-06-22 12:45:14,557:INFO:setup(target=None, ml_usecase=clustering, available_plots={'cluster': 'Cluster PCA Plot (2d)', 'tsne': 'Cluster TSnE (3d)', 'elbow': 'Elbow', 'silhouette': 'Silhouette', 'distance': 'Distance', 'distribution': 'Distribution'}, train_size=0.7, test_data=None, preprocess=True, imputation_type=simple, iterative_imputation_iters=5, categorical_features=None, categorical_imputation=mode, categorical_iterative_imputer=lightgbm, ordinal_features=None, high_cardinality_features=None, high_cardinality_method=frequency, numeric_features=None, numeric_imputation=mean, numeric_iterative_imputer=lightgbm, date_features=None, ignore_features=None, normalize=True, normalize_method=zscore, transformation=False, transformation_method=yeo-johnson, handle_unknown_categorical=True, unknown_categorical_method=least_frequent, pca=False, pca_method=linear, pca_components=None, ignore_low_variance=False, combine_rare_levels=False, rare_level_threshold=0.1, bin_numeric_features=None, remove_outliers=False, outliers_threshold=0.05, remove_multicollinearity=False, multicollinearity_threshold=0.9, remove_perfect_collinearity=False, create_clusters=False, cluster_iter=20, polynomial_features=False, polynomial_degree=2, trigonometry_features=False, polynomial_threshold=0.1, group_features=None, group_names=None, feature_selection=False, feature_selection_threshold=0.8, feature_selection_method=classic, feature_interaction=False, feature_ratio=False, interaction_threshold=0.01, fix_imbalance=False, fix_imbalance_method=None, transform_target=False, transform_target_method=box-cox, data_split_shuffle=False, data_split_stratify=False, fold_strategy=kfold, fold=10, fold_shuffle=False, fold_groups=None, n_jobs=-1, use_gpu=False, custom_pipeline=None, html=True, session_id=None, log_experiment=False, experiment_name=None, log_plots=False, log_profile=False, log_data=False, silent=False, verbose=True, profile=False, profile_kwargs=None, display=None)
2022-06-22 12:45:14,557:INFO:Checking environment
2022-06-22 12:45:14,557:INFO:python_version: 3.8.8
2022-06-22 12:45:14,558:INFO:python_build: ('default', 'Feb 24 2021 15:54:32')
2022-06-22 12:45:14,558:INFO:machine: AMD64
2022-06-22 12:45:14,558:INFO:platform: Windows-10-10.0.19041-SP0
2022-06-22 12:45:14,558:INFO:Memory: svmem(total=34221117440, available=25972117504, percent=24.1, used=8248999936, free=25972117504)
2022-06-22 12:45:14,558:INFO:Physical Core: 4
2022-06-22 12:45:14,558:INFO:Logical Core: 8
2022-06-22 12:45:14,558:INFO:Checking libraries
2022-06-22 12:45:14,558:INFO:pd==1.2.4
2022-06-22 12:45:14,558:INFO:numpy==1.21.5
2022-06-22 12:45:14,558:INFO:sklearn==0.23.2
2022-06-22 12:45:14,558:INFO:lightgbm==3.2.1
2022-06-22 12:45:14,559:WARNING:catboost not found
2022-06-22 12:45:14,559:INFO:xgboost==1.5.0
2022-06-22 12:45:14,559:INFO:mlflow==1.23.1
2022-06-22 12:45:14,559:INFO:Checking Exceptions
2022-06-22 12:45:14,559:INFO:Declaring global variables
2022-06-22 12:45:14,559:INFO:USI: cb3f
2022-06-22 12:45:14,559:INFO:pycaret_globals: {'_all_metrics', 'fold_generator', 'transform_target_param', 'create_model_container', 'pycaret_globals', 'data_before_preprocess', 'fix_imbalance_param', '_available_plots', 'logging_param', 'exp_name_log', 'master_model_container', 'fold_shuffle_param', 'stratify_param', 'fold_groups_param', 'display_container', 'prep_pipe', 'n_jobs_param', 'fold_groups_param_full', 'gpu_param', 'X', '_ml_usecase', 'html_param', 'USI', 'fold_param', 'target_param', 'experiment__', 'imputation_classifier', 'iterative_imputation_iters_param', '_all_models_internal', '_internal_pipeline', 'fix_imbalance_method_param', 'seed', '_all_models', '_gpu_n_jobs_param', 'imputation_regressor', 'transform_target_method_param', 'log_plots_param'}
2022-06-22 12:45:14,559:INFO:Preparing display monitor
2022-06-22 12:45:14,559:INFO:Preparing display monitor
2022-06-22 12:45:14,570:INFO:Importing libraries
2022-06-22 12:45:14,570:INFO:Copying data for preprocessing
2022-06-22 12:45:14,576:INFO:Declaring preprocessing parameters
2022-06-22 12:45:14,579:INFO:Creating preprocessing pipeline
2022-06-22 12:45:14,584:INFO:Preprocessing pipeline created successfully
2022-06-22 12:45:14,584:ERROR:(Process Exit): setup has been interupted with user command 'quit'. setup must rerun.
2022-06-22 12:45:14,584:INFO:Creating global containers
2022-06-22 12:45:14,584:INFO:Internal pipeline: Pipeline(memory=None, steps=[('empty_step', 'passthrough')], verbose=False)
2022-06-22 12:45:15,270:INFO:Creating grid variables
2022-06-22 12:45:15,280:INFO:create_model_container: 0
2022-06-22 12:45:15,280:INFO:master_model_container: 0
2022-06-22 12:45:15,280:INFO:display_container: 1
2022-06-22 12:45:15,284:INFO:Pipeline(memory=None,
         steps=[('dtypes',
                 DataTypes_Auto_infer(categorical_features=[],
                                      display_types=True, features_todrop=[],
                                      id_columns=[], ml_usecase='regression',
                                      numerical_features=[],
                                      target='UNSUPERVISED_DUMMY_TARGET',
                                      time_features=[])),
                ('imputer',
                 Simple_Imputer(categorical_strategy='most frequent',
                                fill_value_categorical=None,
                                fill_value_numerical=None...
                ('P_transform', 'passthrough'), ('binn', 'passthrough'),
                ('rem_outliers', 'passthrough'), ('cluster_all', 'passthrough'),
                ('dummy', Dummify(target='UNSUPERVISED_DUMMY_TARGET')),
                ('fix_perfect', 'passthrough'),
                ('clean_names', Clean_Colum_Names()),
                ('feature_select', 'passthrough'), ('fix_multi', 'passthrough'),
                ('dfs', 'passthrough'), ('pca', 'passthrough')],
         verbose=False)
2022-06-22 12:45:15,284:INFO:setup() succesfully completed......................................
2022-06-22 12:45:15,354:INFO:Initializing create_model()
2022-06-22 12:45:15,354:INFO:create_model(estimator=kmeans, num_clusters=4, fraction=0.05, ground_truth=None, round=4, fit_kwargs=None, verbose=True, system=True, add_to_model_list=True, raise_num_clusters=False, display=None, kwargs={})
2022-06-22 12:45:15,354:INFO:Checking exceptions
2022-06-22 12:45:15,354:INFO:Preparing display monitor
2022-06-22 12:45:15,367:INFO:Importing libraries
2022-06-22 12:45:15,374:INFO:Importing untrained model
2022-06-22 12:45:15,379:INFO:K-Means Clustering Imported succesfully
2022-06-22 12:45:15,385:INFO:Fitting Model
2022-06-22 12:45:15,531:INFO:KMeans(algorithm='auto', copy_x=True, init='k-means++', max_iter=300,
       n_clusters=4, n_init=10, n_jobs=-1, precompute_distances='deprecated',
       random_state=4680, tol=0.0001, verbose=0)
2022-06-22 12:45:15,531:INFO:create_models() succesfully completed......................................
2022-06-22 12:45:15,532:INFO:Uploading results into container
2022-06-22 12:45:15,534:INFO:Uploading model into container now
2022-06-22 12:45:15,539:INFO:create_model_container: 1
2022-06-22 12:45:15,540:INFO:master_model_container: 1
2022-06-22 12:45:15,540:INFO:display_container: 2
2022-06-22 12:45:15,540:INFO:KMeans(algorithm='auto', copy_x=True, init='k-means++', max_iter=300,
       n_clusters=4, n_init=10, n_jobs=-1, precompute_distances='deprecated',
       random_state=4680, tol=0.0001, verbose=0)
2022-06-22 12:45:15,540:INFO:create_model() succesfully completed......................................
2022-06-22 12:45:44,599:INFO:Initializing plot_model()
2022-06-22 12:45:44,600:INFO:plot_model(fold=None, use_train_data=False, verbose=True, is_in_evaluate=False, display=None, display_format=None, estimator=KMeans(algorithm='auto', copy_x=True, init='k-means++', max_iter=300,
       n_clusters=4, n_init=10, n_jobs=-1, precompute_distances='deprecated',
       random_state=4680, tol=0.0001, verbose=0), feature_name=None, fit_kwargs=None, groups=None, label=False, plot=elbow, plot_kwargs=None, save=False, scale=1, system=True)
2022-06-22 12:45:44,600:INFO:Checking exceptions
2022-06-22 12:45:44,600:INFO:Preparing display monitor
2022-06-22 12:45:44,607:INFO:Preloading libraries
2022-06-22 12:45:44,608:INFO:Copying training dataset
2022-06-22 12:45:44,608:INFO:Plot type: elbow
2022-06-22 12:45:44,637:INFO:Fitting Model
2022-06-22 12:45:45,380:INFO:Visual Rendered Successfully
2022-06-22 12:45:45,449:INFO:plot_model() succesfully completed......................................
2022-06-22 12:46:30,146:INFO:PyCaret Supervised Module
2022-06-22 12:46:30,146:INFO:ML Usecase: clustering
2022-06-22 12:46:30,146:INFO:version 2.3.6
2022-06-22 12:46:30,146:INFO:Initializing setup()
2022-06-22 12:46:30,146:INFO:setup(target=None, ml_usecase=clustering, available_plots={'cluster': 'Cluster PCA Plot (2d)', 'tsne': 'Cluster TSnE (3d)', 'elbow': 'Elbow', 'silhouette': 'Silhouette', 'distance': 'Distance', 'distribution': 'Distribution'}, train_size=0.7, test_data=None, preprocess=True, imputation_type=simple, iterative_imputation_iters=5, categorical_features=None, categorical_imputation=mode, categorical_iterative_imputer=lightgbm, ordinal_features=None, high_cardinality_features=None, high_cardinality_method=frequency, numeric_features=None, numeric_imputation=mean, numeric_iterative_imputer=lightgbm, date_features=None, ignore_features=None, normalize=True, normalize_method=zscore, transformation=False, transformation_method=yeo-johnson, handle_unknown_categorical=True, unknown_categorical_method=least_frequent, pca=False, pca_method=linear, pca_components=None, ignore_low_variance=False, combine_rare_levels=False, rare_level_threshold=0.1, bin_numeric_features=None, remove_outliers=False, outliers_threshold=0.05, remove_multicollinearity=False, multicollinearity_threshold=0.9, remove_perfect_collinearity=False, create_clusters=False, cluster_iter=20, polynomial_features=False, polynomial_degree=2, trigonometry_features=False, polynomial_threshold=0.1, group_features=None, group_names=None, feature_selection=False, feature_selection_threshold=0.8, feature_selection_method=classic, feature_interaction=False, feature_ratio=False, interaction_threshold=0.01, fix_imbalance=False, fix_imbalance_method=None, transform_target=False, transform_target_method=box-cox, data_split_shuffle=False, data_split_stratify=False, fold_strategy=kfold, fold=10, fold_shuffle=False, fold_groups=None, n_jobs=-1, use_gpu=False, custom_pipeline=None, html=True, session_id=None, log_experiment=False, experiment_name=None, log_plots=False, log_profile=False, log_data=False, silent=False, verbose=True, profile=False, profile_kwargs=None, display=None)
2022-06-22 12:46:30,146:INFO:Checking environment
2022-06-22 12:46:30,147:INFO:python_version: 3.8.8
2022-06-22 12:46:30,147:INFO:python_build: ('default', 'Feb 24 2021 15:54:32')
2022-06-22 12:46:30,147:INFO:machine: AMD64
2022-06-22 12:46:30,147:INFO:platform: Windows-10-10.0.19041-SP0
2022-06-22 12:46:30,147:INFO:Memory: svmem(total=34221117440, available=25478148096, percent=25.5, used=8742969344, free=25478148096)
2022-06-22 12:46:30,147:INFO:Physical Core: 4
2022-06-22 12:46:30,147:INFO:Logical Core: 8
2022-06-22 12:46:30,147:INFO:Checking libraries
2022-06-22 12:46:30,147:INFO:pd==1.2.4
2022-06-22 12:46:30,147:INFO:numpy==1.21.5
2022-06-22 12:46:30,147:INFO:sklearn==0.23.2
2022-06-22 12:46:30,147:INFO:lightgbm==3.2.1
2022-06-22 12:46:30,148:WARNING:catboost not found
2022-06-22 12:46:30,148:INFO:xgboost==1.5.0
2022-06-22 12:46:30,148:INFO:mlflow==1.23.1
2022-06-22 12:46:30,148:INFO:Checking Exceptions
2022-06-22 12:46:30,149:INFO:Declaring global variables
2022-06-22 12:46:30,149:INFO:USI: b53b
2022-06-22 12:46:30,149:INFO:pycaret_globals: {'_all_metrics', 'fold_generator', 'transform_target_param', 'create_model_container', 'pycaret_globals', 'data_before_preprocess', 'fix_imbalance_param', '_available_plots', 'logging_param', 'exp_name_log', 'master_model_container', 'fold_shuffle_param', 'stratify_param', 'fold_groups_param', 'display_container', 'prep_pipe', 'n_jobs_param', 'fold_groups_param_full', 'gpu_param', 'X', '_ml_usecase', 'html_param', 'USI', 'fold_param', 'target_param', 'experiment__', 'imputation_classifier', 'iterative_imputation_iters_param', '_all_models_internal', '_internal_pipeline', 'fix_imbalance_method_param', 'seed', '_all_models', '_gpu_n_jobs_param', 'imputation_regressor', 'transform_target_method_param', 'log_plots_param'}
2022-06-22 12:46:30,149:INFO:Preparing display monitor
2022-06-22 12:46:30,149:INFO:Preparing display monitor
2022-06-22 12:46:30,160:INFO:Importing libraries
2022-06-22 12:46:30,160:INFO:Copying data for preprocessing
2022-06-22 12:46:30,168:INFO:Declaring preprocessing parameters
2022-06-22 12:46:30,170:INFO:Creating preprocessing pipeline
2022-06-22 12:46:30,175:INFO:Preprocessing pipeline created successfully
2022-06-22 12:46:30,175:ERROR:(Process Exit): setup has been interupted with user command 'quit'. setup must rerun.
2022-06-22 12:46:30,175:INFO:Creating global containers
2022-06-22 12:46:30,175:INFO:Internal pipeline: Pipeline(memory=None, steps=[('empty_step', 'passthrough')], verbose=False)
2022-06-22 12:46:32,949:INFO:Creating grid variables
2022-06-22 12:46:32,960:INFO:create_model_container: 0
2022-06-22 12:46:32,960:INFO:master_model_container: 0
2022-06-22 12:46:32,960:INFO:display_container: 1
2022-06-22 12:46:32,964:INFO:Pipeline(memory=None,
         steps=[('dtypes',
                 DataTypes_Auto_infer(categorical_features=[],
                                      display_types=True, features_todrop=[],
                                      id_columns=[], ml_usecase='regression',
                                      numerical_features=[],
                                      target='UNSUPERVISED_DUMMY_TARGET',
                                      time_features=[])),
                ('imputer',
                 Simple_Imputer(categorical_strategy='most frequent',
                                fill_value_categorical=None,
                                fill_value_numerical=None...
                ('P_transform', 'passthrough'), ('binn', 'passthrough'),
                ('rem_outliers', 'passthrough'), ('cluster_all', 'passthrough'),
                ('dummy', Dummify(target='UNSUPERVISED_DUMMY_TARGET')),
                ('fix_perfect', 'passthrough'),
                ('clean_names', Clean_Colum_Names()),
                ('feature_select', 'passthrough'), ('fix_multi', 'passthrough'),
                ('dfs', 'passthrough'), ('pca', 'passthrough')],
         verbose=False)
2022-06-22 12:46:32,964:INFO:setup() succesfully completed......................................
2022-06-22 12:46:33,033:INFO:Initializing create_model()
2022-06-22 12:46:33,033:INFO:create_model(estimator=kmeans, num_clusters=5, fraction=0.05, ground_truth=None, round=4, fit_kwargs=None, verbose=True, system=True, add_to_model_list=True, raise_num_clusters=False, display=None, kwargs={})
2022-06-22 12:46:33,034:INFO:Checking exceptions
2022-06-22 12:46:33,034:INFO:Preparing display monitor
2022-06-22 12:46:33,045:INFO:Importing libraries
2022-06-22 12:46:33,052:INFO:Importing untrained model
2022-06-22 12:46:33,058:INFO:K-Means Clustering Imported succesfully
2022-06-22 12:46:33,064:INFO:Fitting Model
2022-06-22 12:46:33,101:INFO:KMeans(algorithm='auto', copy_x=True, init='k-means++', max_iter=300,
       n_clusters=5, n_init=10, n_jobs=-1, precompute_distances='deprecated',
       random_state=3375, tol=0.0001, verbose=0)
2022-06-22 12:46:33,101:INFO:create_models() succesfully completed......................................
2022-06-22 12:46:33,101:INFO:Uploading results into container
2022-06-22 12:46:33,103:INFO:Uploading model into container now
2022-06-22 12:46:33,108:INFO:create_model_container: 1
2022-06-22 12:46:33,108:INFO:master_model_container: 1
2022-06-22 12:46:33,108:INFO:display_container: 2
2022-06-22 12:46:33,109:INFO:KMeans(algorithm='auto', copy_x=True, init='k-means++', max_iter=300,
       n_clusters=5, n_init=10, n_jobs=-1, precompute_distances='deprecated',
       random_state=3375, tol=0.0001, verbose=0)
2022-06-22 12:46:33,109:INFO:create_model() succesfully completed......................................
2022-06-22 12:46:35,611:INFO:Initializing plot_model()
2022-06-22 12:46:35,611:INFO:plot_model(fold=None, use_train_data=False, verbose=True, is_in_evaluate=False, display=None, display_format=None, estimator=KMeans(algorithm='auto', copy_x=True, init='k-means++', max_iter=300,
       n_clusters=5, n_init=10, n_jobs=-1, precompute_distances='deprecated',
       random_state=3375, tol=0.0001, verbose=0), feature_name=None, fit_kwargs=None, groups=None, label=False, plot=elbow, plot_kwargs=None, save=False, scale=1, system=True)
2022-06-22 12:46:35,611:INFO:Checking exceptions
2022-06-22 12:46:35,611:INFO:Preparing display monitor
2022-06-22 12:46:35,617:INFO:Preloading libraries
2022-06-22 12:46:35,618:INFO:Copying training dataset
2022-06-22 12:46:35,618:INFO:Plot type: elbow
2022-06-22 12:46:35,620:INFO:Fitting Model
2022-06-22 12:46:36,109:INFO:Visual Rendered Successfully
2022-06-22 12:46:36,177:INFO:plot_model() succesfully completed......................................
2022-06-22 12:46:57,863:INFO:PyCaret Supervised Module
2022-06-22 12:46:57,863:INFO:ML Usecase: clustering
2022-06-22 12:46:57,863:INFO:version 2.3.6
2022-06-22 12:46:57,863:INFO:Initializing setup()
2022-06-22 12:46:57,863:INFO:setup(target=None, ml_usecase=clustering, available_plots={'cluster': 'Cluster PCA Plot (2d)', 'tsne': 'Cluster TSnE (3d)', 'elbow': 'Elbow', 'silhouette': 'Silhouette', 'distance': 'Distance', 'distribution': 'Distribution'}, train_size=0.7, test_data=None, preprocess=True, imputation_type=simple, iterative_imputation_iters=5, categorical_features=None, categorical_imputation=mode, categorical_iterative_imputer=lightgbm, ordinal_features=None, high_cardinality_features=None, high_cardinality_method=frequency, numeric_features=None, numeric_imputation=mean, numeric_iterative_imputer=lightgbm, date_features=None, ignore_features=None, normalize=True, normalize_method=zscore, transformation=False, transformation_method=yeo-johnson, handle_unknown_categorical=True, unknown_categorical_method=least_frequent, pca=False, pca_method=linear, pca_components=None, ignore_low_variance=False, combine_rare_levels=False, rare_level_threshold=0.1, bin_numeric_features=None, remove_outliers=False, outliers_threshold=0.05, remove_multicollinearity=False, multicollinearity_threshold=0.9, remove_perfect_collinearity=False, create_clusters=False, cluster_iter=20, polynomial_features=False, polynomial_degree=2, trigonometry_features=False, polynomial_threshold=0.1, group_features=None, group_names=None, feature_selection=False, feature_selection_threshold=0.8, feature_selection_method=classic, feature_interaction=False, feature_ratio=False, interaction_threshold=0.01, fix_imbalance=False, fix_imbalance_method=None, transform_target=False, transform_target_method=box-cox, data_split_shuffle=False, data_split_stratify=False, fold_strategy=kfold, fold=10, fold_shuffle=False, fold_groups=None, n_jobs=-1, use_gpu=False, custom_pipeline=None, html=True, session_id=None, log_experiment=False, experiment_name=None, log_plots=False, log_profile=False, log_data=False, silent=False, verbose=True, profile=False, profile_kwargs=None, display=None)
2022-06-22 12:46:57,863:INFO:Checking environment
2022-06-22 12:46:57,863:INFO:python_version: 3.8.8
2022-06-22 12:46:57,863:INFO:python_build: ('default', 'Feb 24 2021 15:54:32')
2022-06-22 12:46:57,863:INFO:machine: AMD64
2022-06-22 12:46:57,863:INFO:platform: Windows-10-10.0.19041-SP0
2022-06-22 12:46:57,864:INFO:Memory: svmem(total=34221117440, available=25504608256, percent=25.5, used=8716509184, free=25504608256)
2022-06-22 12:46:57,864:INFO:Physical Core: 4
2022-06-22 12:46:57,864:INFO:Logical Core: 8
2022-06-22 12:46:57,864:INFO:Checking libraries
2022-06-22 12:46:57,864:INFO:pd==1.2.4
2022-06-22 12:46:57,864:INFO:numpy==1.21.5
2022-06-22 12:46:57,864:INFO:sklearn==0.23.2
2022-06-22 12:46:57,864:INFO:lightgbm==3.2.1
2022-06-22 12:46:57,865:WARNING:catboost not found
2022-06-22 12:46:57,865:INFO:xgboost==1.5.0
2022-06-22 12:46:57,865:INFO:mlflow==1.23.1
2022-06-22 12:46:57,865:INFO:Checking Exceptions
2022-06-22 12:46:57,866:INFO:Declaring global variables
2022-06-22 12:46:57,866:INFO:USI: f017
2022-06-22 12:46:57,866:INFO:pycaret_globals: {'_all_metrics', 'fold_generator', 'transform_target_param', 'create_model_container', 'pycaret_globals', 'data_before_preprocess', 'fix_imbalance_param', '_available_plots', 'logging_param', 'exp_name_log', 'master_model_container', 'fold_shuffle_param', 'stratify_param', 'fold_groups_param', 'display_container', 'prep_pipe', 'n_jobs_param', 'fold_groups_param_full', 'gpu_param', 'X', '_ml_usecase', 'html_param', 'USI', 'fold_param', 'target_param', 'experiment__', 'imputation_classifier', 'iterative_imputation_iters_param', '_all_models_internal', '_internal_pipeline', 'fix_imbalance_method_param', 'seed', '_all_models', '_gpu_n_jobs_param', 'imputation_regressor', 'transform_target_method_param', 'log_plots_param'}
2022-06-22 12:46:57,866:INFO:Preparing display monitor
2022-06-22 12:46:57,866:INFO:Preparing display monitor
2022-06-22 12:46:57,876:INFO:Importing libraries
2022-06-22 12:46:57,876:INFO:Copying data for preprocessing
2022-06-22 12:46:57,884:INFO:Declaring preprocessing parameters
2022-06-22 12:46:57,886:INFO:Creating preprocessing pipeline
2022-06-22 12:46:57,890:INFO:Preprocessing pipeline created successfully
2022-06-22 12:46:57,890:ERROR:(Process Exit): setup has been interupted with user command 'quit'. setup must rerun.
2022-06-22 12:46:57,890:INFO:Creating global containers
2022-06-22 12:46:57,891:INFO:Internal pipeline: Pipeline(memory=None, steps=[('empty_step', 'passthrough')], verbose=False)
2022-06-22 12:46:58,749:INFO:Creating grid variables
2022-06-22 12:46:58,760:INFO:create_model_container: 0
2022-06-22 12:46:58,760:INFO:master_model_container: 0
2022-06-22 12:46:58,760:INFO:display_container: 1
2022-06-22 12:46:58,763:INFO:Pipeline(memory=None,
         steps=[('dtypes',
                 DataTypes_Auto_infer(categorical_features=[],
                                      display_types=True, features_todrop=[],
                                      id_columns=[], ml_usecase='regression',
                                      numerical_features=[],
                                      target='UNSUPERVISED_DUMMY_TARGET',
                                      time_features=[])),
                ('imputer',
                 Simple_Imputer(categorical_strategy='most frequent',
                                fill_value_categorical=None,
                                fill_value_numerical=None...
                ('P_transform', 'passthrough'), ('binn', 'passthrough'),
                ('rem_outliers', 'passthrough'), ('cluster_all', 'passthrough'),
                ('dummy', Dummify(target='UNSUPERVISED_DUMMY_TARGET')),
                ('fix_perfect', 'passthrough'),
                ('clean_names', Clean_Colum_Names()),
                ('feature_select', 'passthrough'), ('fix_multi', 'passthrough'),
                ('dfs', 'passthrough'), ('pca', 'passthrough')],
         verbose=False)
2022-06-22 12:46:58,763:INFO:setup() succesfully completed......................................
2022-06-22 12:46:58,833:INFO:Initializing create_model()
2022-06-22 12:46:58,833:INFO:create_model(estimator=kmeans, num_clusters=4, fraction=0.05, ground_truth=None, round=4, fit_kwargs=None, verbose=True, system=True, add_to_model_list=True, raise_num_clusters=False, display=None, kwargs={})
2022-06-22 12:46:58,833:INFO:Checking exceptions
2022-06-22 12:46:58,833:INFO:Preparing display monitor
2022-06-22 12:46:58,846:INFO:Importing libraries
2022-06-22 12:46:58,853:INFO:Importing untrained model
2022-06-22 12:46:58,865:INFO:K-Means Clustering Imported succesfully
2022-06-22 12:46:58,875:INFO:Fitting Model
2022-06-22 12:46:58,920:INFO:KMeans(algorithm='auto', copy_x=True, init='k-means++', max_iter=300,
       n_clusters=4, n_init=10, n_jobs=-1, precompute_distances='deprecated',
       random_state=6653, tol=0.0001, verbose=0)
2022-06-22 12:46:58,920:INFO:create_models() succesfully completed......................................
2022-06-22 12:46:58,920:INFO:Uploading results into container
2022-06-22 12:46:58,923:INFO:Uploading model into container now
2022-06-22 12:46:58,929:INFO:create_model_container: 1
2022-06-22 12:46:58,929:INFO:master_model_container: 1
2022-06-22 12:46:58,929:INFO:display_container: 2
2022-06-22 12:46:58,930:INFO:KMeans(algorithm='auto', copy_x=True, init='k-means++', max_iter=300,
       n_clusters=4, n_init=10, n_jobs=-1, precompute_distances='deprecated',
       random_state=6653, tol=0.0001, verbose=0)
2022-06-22 12:46:58,930:INFO:create_model() succesfully completed......................................
2022-06-22 12:47:01,966:INFO:Initializing plot_model()
2022-06-22 12:47:01,967:INFO:plot_model(fold=None, use_train_data=False, verbose=True, is_in_evaluate=False, display=None, display_format=None, estimator=KMeans(algorithm='auto', copy_x=True, init='k-means++', max_iter=300,
       n_clusters=4, n_init=10, n_jobs=-1, precompute_distances='deprecated',
       random_state=6653, tol=0.0001, verbose=0), feature_name=None, fit_kwargs=None, groups=None, label=False, plot=elbow, plot_kwargs=None, save=False, scale=1, system=True)
2022-06-22 12:47:01,967:INFO:Checking exceptions
2022-06-22 12:47:01,967:INFO:Preparing display monitor
2022-06-22 12:47:01,974:INFO:Preloading libraries
2022-06-22 12:47:01,975:INFO:Copying training dataset
2022-06-22 12:47:01,975:INFO:Plot type: elbow
2022-06-22 12:47:01,977:INFO:Fitting Model
2022-06-22 12:47:02,477:INFO:Visual Rendered Successfully
2022-06-22 12:47:02,545:INFO:plot_model() succesfully completed......................................
2022-06-22 12:47:15,703:INFO:PyCaret Supervised Module
2022-06-22 12:47:15,703:INFO:ML Usecase: clustering
2022-06-22 12:47:15,703:INFO:version 2.3.6
2022-06-22 12:47:15,703:INFO:Initializing setup()
2022-06-22 12:47:15,703:INFO:setup(target=None, ml_usecase=clustering, available_plots={'cluster': 'Cluster PCA Plot (2d)', 'tsne': 'Cluster TSnE (3d)', 'elbow': 'Elbow', 'silhouette': 'Silhouette', 'distance': 'Distance', 'distribution': 'Distribution'}, train_size=0.7, test_data=None, preprocess=True, imputation_type=simple, iterative_imputation_iters=5, categorical_features=None, categorical_imputation=mode, categorical_iterative_imputer=lightgbm, ordinal_features=None, high_cardinality_features=None, high_cardinality_method=frequency, numeric_features=None, numeric_imputation=mean, numeric_iterative_imputer=lightgbm, date_features=None, ignore_features=None, normalize=True, normalize_method=zscore, transformation=False, transformation_method=yeo-johnson, handle_unknown_categorical=True, unknown_categorical_method=least_frequent, pca=False, pca_method=linear, pca_components=None, ignore_low_variance=False, combine_rare_levels=False, rare_level_threshold=0.1, bin_numeric_features=None, remove_outliers=False, outliers_threshold=0.05, remove_multicollinearity=False, multicollinearity_threshold=0.9, remove_perfect_collinearity=False, create_clusters=False, cluster_iter=20, polynomial_features=False, polynomial_degree=2, trigonometry_features=False, polynomial_threshold=0.1, group_features=None, group_names=None, feature_selection=False, feature_selection_threshold=0.8, feature_selection_method=classic, feature_interaction=False, feature_ratio=False, interaction_threshold=0.01, fix_imbalance=False, fix_imbalance_method=None, transform_target=False, transform_target_method=box-cox, data_split_shuffle=False, data_split_stratify=False, fold_strategy=kfold, fold=10, fold_shuffle=False, fold_groups=None, n_jobs=-1, use_gpu=False, custom_pipeline=None, html=True, session_id=None, log_experiment=False, experiment_name=None, log_plots=False, log_profile=False, log_data=False, silent=False, verbose=True, profile=False, profile_kwargs=None, display=None)
2022-06-22 12:47:15,703:INFO:Checking environment
2022-06-22 12:47:15,703:INFO:python_version: 3.8.8
2022-06-22 12:47:15,704:INFO:python_build: ('default', 'Feb 24 2021 15:54:32')
2022-06-22 12:47:15,704:INFO:machine: AMD64
2022-06-22 12:47:15,704:INFO:platform: Windows-10-10.0.19041-SP0
2022-06-22 12:47:15,704:INFO:Memory: svmem(total=34221117440, available=25734258688, percent=24.8, used=8486858752, free=25734258688)
2022-06-22 12:47:15,704:INFO:Physical Core: 4
2022-06-22 12:47:15,704:INFO:Logical Core: 8
2022-06-22 12:47:15,704:INFO:Checking libraries
2022-06-22 12:47:15,704:INFO:pd==1.2.4
2022-06-22 12:47:15,704:INFO:numpy==1.21.5
2022-06-22 12:47:15,704:INFO:sklearn==0.23.2
2022-06-22 12:47:15,704:INFO:lightgbm==3.2.1
2022-06-22 12:47:15,705:WARNING:catboost not found
2022-06-22 12:47:15,705:INFO:xgboost==1.5.0
2022-06-22 12:47:15,705:INFO:mlflow==1.23.1
2022-06-22 12:47:15,705:INFO:Checking Exceptions
2022-06-22 12:47:15,705:INFO:Declaring global variables
2022-06-22 12:47:15,706:INFO:USI: 1470
2022-06-22 12:47:15,706:INFO:pycaret_globals: {'_all_metrics', 'fold_generator', 'transform_target_param', 'create_model_container', 'pycaret_globals', 'data_before_preprocess', 'fix_imbalance_param', '_available_plots', 'logging_param', 'exp_name_log', 'master_model_container', 'fold_shuffle_param', 'stratify_param', 'fold_groups_param', 'display_container', 'prep_pipe', 'n_jobs_param', 'fold_groups_param_full', 'gpu_param', 'X', '_ml_usecase', 'html_param', 'USI', 'fold_param', 'target_param', 'experiment__', 'imputation_classifier', 'iterative_imputation_iters_param', '_all_models_internal', '_internal_pipeline', 'fix_imbalance_method_param', 'seed', '_all_models', '_gpu_n_jobs_param', 'imputation_regressor', 'transform_target_method_param', 'log_plots_param'}
2022-06-22 12:47:15,706:INFO:Preparing display monitor
2022-06-22 12:47:15,706:INFO:Preparing display monitor
2022-06-22 12:47:15,716:INFO:Importing libraries
2022-06-22 12:47:15,716:INFO:Copying data for preprocessing
2022-06-22 12:47:15,725:INFO:Declaring preprocessing parameters
2022-06-22 12:47:15,726:INFO:Creating preprocessing pipeline
2022-06-22 12:47:15,729:INFO:Preprocessing pipeline created successfully
2022-06-22 12:47:15,730:ERROR:(Process Exit): setup has been interupted with user command 'quit'. setup must rerun.
2022-06-22 12:47:15,730:INFO:Creating global containers
2022-06-22 12:47:15,730:INFO:Internal pipeline: Pipeline(memory=None, steps=[('empty_step', 'passthrough')], verbose=False)
2022-06-22 12:47:16,486:INFO:Creating grid variables
2022-06-22 12:47:16,497:INFO:create_model_container: 0
2022-06-22 12:47:16,497:INFO:master_model_container: 0
2022-06-22 12:47:16,497:INFO:display_container: 1
2022-06-22 12:47:16,501:INFO:Pipeline(memory=None,
         steps=[('dtypes',
                 DataTypes_Auto_infer(categorical_features=[],
                                      display_types=True, features_todrop=[],
                                      id_columns=[], ml_usecase='regression',
                                      numerical_features=[],
                                      target='UNSUPERVISED_DUMMY_TARGET',
                                      time_features=[])),
                ('imputer',
                 Simple_Imputer(categorical_strategy='most frequent',
                                fill_value_categorical=None,
                                fill_value_numerical=None...
                ('P_transform', 'passthrough'), ('binn', 'passthrough'),
                ('rem_outliers', 'passthrough'), ('cluster_all', 'passthrough'),
                ('dummy', Dummify(target='UNSUPERVISED_DUMMY_TARGET')),
                ('fix_perfect', 'passthrough'),
                ('clean_names', Clean_Colum_Names()),
                ('feature_select', 'passthrough'), ('fix_multi', 'passthrough'),
                ('dfs', 'passthrough'), ('pca', 'passthrough')],
         verbose=False)
2022-06-22 12:47:16,501:INFO:setup() succesfully completed......................................
2022-06-22 12:47:16,571:INFO:Initializing create_model()
2022-06-22 12:47:16,571:INFO:create_model(estimator=kmeans, num_clusters=5, fraction=0.05, ground_truth=None, round=4, fit_kwargs=None, verbose=True, system=True, add_to_model_list=True, raise_num_clusters=False, display=None, kwargs={})
2022-06-22 12:47:16,571:INFO:Checking exceptions
2022-06-22 12:47:16,571:INFO:Preparing display monitor
2022-06-22 12:47:16,584:INFO:Importing libraries
2022-06-22 12:47:16,590:INFO:Importing untrained model
2022-06-22 12:47:16,596:INFO:K-Means Clustering Imported succesfully
2022-06-22 12:47:16,603:INFO:Fitting Model
2022-06-22 12:47:16,640:INFO:KMeans(algorithm='auto', copy_x=True, init='k-means++', max_iter=300,
       n_clusters=5, n_init=10, n_jobs=-1, precompute_distances='deprecated',
       random_state=7895, tol=0.0001, verbose=0)
2022-06-22 12:47:16,640:INFO:create_models() succesfully completed......................................
2022-06-22 12:47:16,641:INFO:Uploading results into container
2022-06-22 12:47:16,643:INFO:Uploading model into container now
2022-06-22 12:47:16,648:INFO:create_model_container: 1
2022-06-22 12:47:16,648:INFO:master_model_container: 1
2022-06-22 12:47:16,648:INFO:display_container: 2
2022-06-22 12:47:16,649:INFO:KMeans(algorithm='auto', copy_x=True, init='k-means++', max_iter=300,
       n_clusters=5, n_init=10, n_jobs=-1, precompute_distances='deprecated',
       random_state=7895, tol=0.0001, verbose=0)
2022-06-22 12:47:16,649:INFO:create_model() succesfully completed......................................
2022-06-22 12:47:22,624:INFO:Initializing plot_model()
2022-06-22 12:47:22,624:INFO:plot_model(fold=None, use_train_data=False, verbose=True, is_in_evaluate=False, display=None, display_format=None, estimator=KMeans(algorithm='auto', copy_x=True, init='k-means++', max_iter=300,
       n_clusters=5, n_init=10, n_jobs=-1, precompute_distances='deprecated',
       random_state=7895, tol=0.0001, verbose=0), feature_name=None, fit_kwargs=None, groups=None, label=False, plot=elbow, plot_kwargs=None, save=False, scale=1, system=True)
2022-06-22 12:47:22,624:INFO:Checking exceptions
2022-06-22 12:47:22,624:INFO:Preparing display monitor
2022-06-22 12:47:22,629:INFO:Preloading libraries
2022-06-22 12:47:22,630:INFO:Copying training dataset
2022-06-22 12:47:22,630:INFO:Plot type: elbow
2022-06-22 12:47:22,632:INFO:Fitting Model
2022-06-22 12:47:23,115:INFO:Visual Rendered Successfully
2022-06-22 12:47:23,184:INFO:plot_model() succesfully completed......................................
2022-06-22 12:47:55,004:INFO:Initializing plot_model()
2022-06-22 12:47:55,005:INFO:plot_model(fold=None, use_train_data=False, verbose=True, is_in_evaluate=False, display=None, display_format=None, estimator=KMeans(algorithm='auto', copy_x=True, init='k-means++', max_iter=300,
       n_clusters=5, n_init=10, n_jobs=-1, precompute_distances='deprecated',
       random_state=7895, tol=0.0001, verbose=0), feature_name=None, fit_kwargs=None, groups=None, label=False, plot=cluster, plot_kwargs=None, save=False, scale=1, system=True)
2022-06-22 12:47:55,005:INFO:Checking exceptions
2022-06-22 12:47:55,005:INFO:Preparing display monitor
2022-06-22 12:47:55,011:INFO:Preloading libraries
2022-06-22 12:47:55,012:INFO:Copying training dataset
2022-06-22 12:47:55,012:INFO:Plot type: cluster
2022-06-22 12:47:55,013:INFO:SubProcess assign_model() called ==================================
2022-06-22 12:47:55,014:INFO:Initializing assign_model()
2022-06-22 12:47:55,014:INFO:assign_model(model=Pipeline(memory=None,
         steps=[('empty_step', 'passthrough'),
                ('actual_estimator',
                 KMeans(algorithm='auto', copy_x=True, init='k-means++',
                        max_iter=300, n_clusters=5, n_init=10, n_jobs=-1,
                        precompute_distances='deprecated', random_state=7895,
                        tol=0.0001, verbose=0))],
         verbose=False), transformation=True, score=True, verbose=False)
2022-06-22 12:47:55,015:INFO:Checking exceptions
2022-06-22 12:47:55,015:INFO:Determining Trained Model
2022-06-22 12:47:55,015:INFO:Trained Model : K-Means Clustering
2022-06-22 12:47:55,015:INFO:Copying data
2022-06-22 12:47:55,015:INFO:Transformation param set to True. Assigned clusters are attached on transformed dataset.
2022-06-22 12:47:55,015:INFO:(129, 26)
2022-06-22 12:47:55,016:INFO:assign_model() succesfully completed......................................
2022-06-22 12:47:55,016:INFO:SubProcess assign_model() end ==================================
2022-06-22 12:47:55,018:INFO:Fitting PCA()
2022-06-22 12:47:55,044:INFO:Sorting dataframe
2022-06-22 12:47:55,047:INFO:Rendering Visual
2022-06-22 12:47:56,731:INFO:Visual Rendered Successfully
2022-06-22 12:47:56,818:INFO:plot_model() succesfully completed......................................
2022-06-22 12:48:36,475:INFO:PyCaret Supervised Module
2022-06-22 12:48:36,475:INFO:ML Usecase: clustering
2022-06-22 12:48:36,475:INFO:version 2.3.6
2022-06-22 12:48:36,475:INFO:Initializing setup()
2022-06-22 12:48:36,475:INFO:setup(target=None, ml_usecase=clustering, available_plots={'cluster': 'Cluster PCA Plot (2d)', 'tsne': 'Cluster TSnE (3d)', 'elbow': 'Elbow', 'silhouette': 'Silhouette', 'distance': 'Distance', 'distribution': 'Distribution'}, train_size=0.7, test_data=None, preprocess=True, imputation_type=simple, iterative_imputation_iters=5, categorical_features=None, categorical_imputation=mode, categorical_iterative_imputer=lightgbm, ordinal_features=None, high_cardinality_features=None, high_cardinality_method=frequency, numeric_features=None, numeric_imputation=mean, numeric_iterative_imputer=lightgbm, date_features=None, ignore_features=None, normalize=True, normalize_method=zscore, transformation=False, transformation_method=yeo-johnson, handle_unknown_categorical=True, unknown_categorical_method=least_frequent, pca=False, pca_method=linear, pca_components=None, ignore_low_variance=False, combine_rare_levels=False, rare_level_threshold=0.1, bin_numeric_features=None, remove_outliers=False, outliers_threshold=0.05, remove_multicollinearity=False, multicollinearity_threshold=0.9, remove_perfect_collinearity=False, create_clusters=False, cluster_iter=20, polynomial_features=False, polynomial_degree=2, trigonometry_features=False, polynomial_threshold=0.1, group_features=None, group_names=None, feature_selection=False, feature_selection_threshold=0.8, feature_selection_method=classic, feature_interaction=False, feature_ratio=False, interaction_threshold=0.01, fix_imbalance=False, fix_imbalance_method=None, transform_target=False, transform_target_method=box-cox, data_split_shuffle=False, data_split_stratify=False, fold_strategy=kfold, fold=10, fold_shuffle=False, fold_groups=None, n_jobs=-1, use_gpu=False, custom_pipeline=None, html=True, session_id=None, log_experiment=False, experiment_name=None, log_plots=False, log_profile=False, log_data=False, silent=False, verbose=True, profile=False, profile_kwargs=None, display=None)
2022-06-22 12:48:36,475:INFO:Checking environment
2022-06-22 12:48:36,475:INFO:python_version: 3.8.8
2022-06-22 12:48:36,475:INFO:python_build: ('default', 'Feb 24 2021 15:54:32')
2022-06-22 12:48:36,475:INFO:machine: AMD64
2022-06-22 12:48:36,475:INFO:platform: Windows-10-10.0.19041-SP0
2022-06-22 12:48:36,475:INFO:Memory: svmem(total=34221117440, available=25680465920, percent=25.0, used=8540651520, free=25680465920)
2022-06-22 12:48:36,475:INFO:Physical Core: 4
2022-06-22 12:48:36,475:INFO:Logical Core: 8
2022-06-22 12:48:36,475:INFO:Checking libraries
2022-06-22 12:48:36,475:INFO:pd==1.2.4
2022-06-22 12:48:36,475:INFO:numpy==1.21.5
2022-06-22 12:48:36,475:INFO:sklearn==0.23.2
2022-06-22 12:48:36,475:INFO:lightgbm==3.2.1
2022-06-22 12:48:36,476:WARNING:catboost not found
2022-06-22 12:48:36,493:INFO:xgboost==1.5.0
2022-06-22 12:48:36,937:INFO:mlflow==1.23.1
2022-06-22 12:48:36,937:INFO:Checking Exceptions
2022-06-22 12:48:36,937:INFO:Declaring global variables
2022-06-22 12:48:36,937:INFO:USI: 5712
2022-06-22 12:48:36,937:INFO:pycaret_globals: {'fold_groups_param', '_all_models_internal', 'n_jobs_param', 'exp_name_log', '_available_plots', 'html_param', 'transform_target_param', 'pycaret_globals', 'create_model_container', 'fold_shuffle_param', 'fold_param', '_gpu_n_jobs_param', '_internal_pipeline', 'stratify_param', 'master_model_container', 'experiment__', '_all_metrics', 'X', 'fix_imbalance_method_param', '_all_models', 'fold_generator', 'log_plots_param', '_ml_usecase', 'USI', 'transform_target_method_param', 'logging_param', 'target_param', 'iterative_imputation_iters_param', 'fix_imbalance_param', 'imputation_classifier', 'data_before_preprocess', 'imputation_regressor', 'gpu_param', 'display_container', 'seed', 'fold_groups_param_full', 'prep_pipe'}
2022-06-22 12:48:36,937:INFO:Preparing display monitor
2022-06-22 12:48:36,937:INFO:Preparing display monitor
2022-06-22 12:48:36,945:INFO:Importing libraries
2022-06-22 12:48:36,946:INFO:Copying data for preprocessing
2022-06-22 12:48:36,951:INFO:Declaring preprocessing parameters
2022-06-22 12:48:36,954:INFO:Creating preprocessing pipeline
2022-06-22 12:48:36,958:INFO:Preprocessing pipeline created successfully
2022-06-22 12:48:36,958:ERROR:(Process Exit): setup has been interupted with user command 'quit'. setup must rerun.
2022-06-22 12:48:36,958:INFO:Creating global containers
2022-06-22 12:48:36,960:INFO:Internal pipeline: Pipeline(memory=None, steps=[('empty_step', 'passthrough')], verbose=False)
2022-06-22 12:48:37,822:INFO:Creating grid variables
2022-06-22 12:48:37,834:INFO:create_model_container: 0
2022-06-22 12:48:37,834:INFO:master_model_container: 0
2022-06-22 12:48:37,835:INFO:display_container: 1
2022-06-22 12:48:37,839:INFO:Pipeline(memory=None,
         steps=[('dtypes',
                 DataTypes_Auto_infer(categorical_features=[],
                                      display_types=True, features_todrop=[],
                                      id_columns=[], ml_usecase='regression',
                                      numerical_features=[],
                                      target='UNSUPERVISED_DUMMY_TARGET',
                                      time_features=[])),
                ('imputer',
                 Simple_Imputer(categorical_strategy='most frequent',
                                fill_value_categorical=None,
                                fill_value_numerical=None...
                ('P_transform', 'passthrough'), ('binn', 'passthrough'),
                ('rem_outliers', 'passthrough'), ('cluster_all', 'passthrough'),
                ('dummy', Dummify(target='UNSUPERVISED_DUMMY_TARGET')),
                ('fix_perfect', 'passthrough'),
                ('clean_names', Clean_Colum_Names()),
                ('feature_select', 'passthrough'), ('fix_multi', 'passthrough'),
                ('dfs', 'passthrough'), ('pca', 'passthrough')],
         verbose=False)
2022-06-22 12:48:37,839:INFO:setup() succesfully completed......................................
2022-06-22 12:48:37,892:INFO:Initializing create_model()
2022-06-22 12:48:37,892:INFO:create_model(estimator=kmeans, num_clusters=5, fraction=0.05, ground_truth=None, round=4, fit_kwargs=None, verbose=True, system=True, add_to_model_list=True, raise_num_clusters=False, display=None, kwargs={})
2022-06-22 12:48:37,892:INFO:Checking exceptions
2022-06-22 12:48:37,892:INFO:Preparing display monitor
2022-06-22 12:48:37,903:INFO:Importing libraries
2022-06-22 12:48:37,911:INFO:Importing untrained model
2022-06-22 12:48:37,918:INFO:K-Means Clustering Imported succesfully
2022-06-22 12:48:37,925:INFO:Fitting Model
2022-06-22 12:48:37,971:INFO:KMeans(algorithm='auto', copy_x=True, init='k-means++', max_iter=300,
       n_clusters=5, n_init=10, n_jobs=-1, precompute_distances='deprecated',
       random_state=8594, tol=0.0001, verbose=0)
2022-06-22 12:48:37,971:INFO:create_models() succesfully completed......................................
2022-06-22 12:48:37,971:INFO:Uploading results into container
2022-06-22 12:48:37,974:INFO:Uploading model into container now
2022-06-22 12:48:37,979:INFO:create_model_container: 1
2022-06-22 12:48:37,979:INFO:master_model_container: 1
2022-06-22 12:48:37,980:INFO:display_container: 2
2022-06-22 12:48:37,980:INFO:KMeans(algorithm='auto', copy_x=True, init='k-means++', max_iter=300,
       n_clusters=5, n_init=10, n_jobs=-1, precompute_distances='deprecated',
       random_state=8594, tol=0.0001, verbose=0)
2022-06-22 12:48:37,980:INFO:create_model() succesfully completed......................................
2022-06-22 12:48:39,888:INFO:Initializing plot_model()
2022-06-22 12:48:39,888:INFO:plot_model(fold=None, use_train_data=False, verbose=True, is_in_evaluate=False, display=None, display_format=None, estimator=KMeans(algorithm='auto', copy_x=True, init='k-means++', max_iter=300,
       n_clusters=5, n_init=10, n_jobs=-1, precompute_distances='deprecated',
       random_state=8594, tol=0.0001, verbose=0), feature_name=None, fit_kwargs=None, groups=None, label=False, plot=elbow, plot_kwargs=None, save=False, scale=1, system=True)
2022-06-22 12:48:39,888:INFO:Checking exceptions
2022-06-22 12:48:39,889:INFO:Preparing display monitor
2022-06-22 12:48:39,894:INFO:Preloading libraries
2022-06-22 12:48:39,896:INFO:Copying training dataset
2022-06-22 12:48:39,896:INFO:Plot type: elbow
2022-06-22 12:48:39,909:INFO:Fitting Model
2022-06-22 12:48:40,512:INFO:Visual Rendered Successfully
2022-06-22 12:48:40,562:INFO:plot_model() succesfully completed......................................
2022-06-22 12:48:41,150:INFO:Initializing plot_model()
2022-06-22 12:48:41,150:INFO:plot_model(fold=None, use_train_data=False, verbose=True, is_in_evaluate=False, display=None, display_format=None, estimator=KMeans(algorithm='auto', copy_x=True, init='k-means++', max_iter=300,
       n_clusters=5, n_init=10, n_jobs=-1, precompute_distances='deprecated',
       random_state=8594, tol=0.0001, verbose=0), feature_name=None, fit_kwargs=None, groups=None, label=False, plot=cluster, plot_kwargs=None, save=False, scale=1, system=True)
2022-06-22 12:48:41,150:INFO:Checking exceptions
2022-06-22 12:48:41,150:INFO:Preparing display monitor
2022-06-22 12:48:41,156:INFO:Preloading libraries
2022-06-22 12:48:41,157:INFO:Copying training dataset
2022-06-22 12:48:41,157:INFO:Plot type: cluster
2022-06-22 12:48:41,158:INFO:SubProcess assign_model() called ==================================
2022-06-22 12:48:41,160:INFO:Initializing assign_model()
2022-06-22 12:48:41,160:INFO:assign_model(model=Pipeline(memory=None,
         steps=[('empty_step', 'passthrough'),
                ('actual_estimator',
                 KMeans(algorithm='auto', copy_x=True, init='k-means++',
                        max_iter=300, n_clusters=5, n_init=10, n_jobs=-1,
                        precompute_distances='deprecated', random_state=8594,
                        tol=0.0001, verbose=0))],
         verbose=False), transformation=True, score=True, verbose=False)
2022-06-22 12:48:41,160:INFO:Checking exceptions
2022-06-22 12:48:41,160:INFO:Determining Trained Model
2022-06-22 12:48:41,160:INFO:Trained Model : K-Means Clustering
2022-06-22 12:48:41,160:INFO:Copying data
2022-06-22 12:48:41,160:INFO:Transformation param set to True. Assigned clusters are attached on transformed dataset.
2022-06-22 12:48:41,161:INFO:(129, 26)
2022-06-22 12:48:41,161:INFO:assign_model() succesfully completed......................................
2022-06-22 12:48:41,161:INFO:SubProcess assign_model() end ==================================
2022-06-22 12:48:41,164:INFO:Fitting PCA()
2022-06-22 12:48:41,167:INFO:Sorting dataframe
2022-06-22 12:48:41,170:INFO:Rendering Visual
2022-06-22 12:48:41,835:INFO:Visual Rendered Successfully
2022-06-22 12:48:41,899:INFO:plot_model() succesfully completed......................................
2022-06-22 12:56:59,421:INFO:PyCaret Supervised Module
2022-06-22 12:56:59,421:INFO:ML Usecase: clustering
2022-06-22 12:56:59,421:INFO:version 2.3.6
2022-06-22 12:56:59,421:INFO:Initializing setup()
2022-06-22 12:56:59,421:INFO:setup(target=None, ml_usecase=clustering, available_plots={'cluster': 'Cluster PCA Plot (2d)', 'tsne': 'Cluster TSnE (3d)', 'elbow': 'Elbow', 'silhouette': 'Silhouette', 'distance': 'Distance', 'distribution': 'Distribution'}, train_size=0.7, test_data=None, preprocess=True, imputation_type=simple, iterative_imputation_iters=5, categorical_features=None, categorical_imputation=mode, categorical_iterative_imputer=lightgbm, ordinal_features=None, high_cardinality_features=None, high_cardinality_method=frequency, numeric_features=None, numeric_imputation=mean, numeric_iterative_imputer=lightgbm, date_features=None, ignore_features=None, normalize=True, normalize_method=zscore, transformation=False, transformation_method=yeo-johnson, handle_unknown_categorical=True, unknown_categorical_method=least_frequent, pca=False, pca_method=linear, pca_components=None, ignore_low_variance=False, combine_rare_levels=False, rare_level_threshold=0.1, bin_numeric_features=None, remove_outliers=False, outliers_threshold=0.05, remove_multicollinearity=False, multicollinearity_threshold=0.9, remove_perfect_collinearity=False, create_clusters=False, cluster_iter=20, polynomial_features=False, polynomial_degree=2, trigonometry_features=False, polynomial_threshold=0.1, group_features=None, group_names=None, feature_selection=False, feature_selection_threshold=0.8, feature_selection_method=classic, feature_interaction=False, feature_ratio=False, interaction_threshold=0.01, fix_imbalance=False, fix_imbalance_method=None, transform_target=False, transform_target_method=box-cox, data_split_shuffle=False, data_split_stratify=False, fold_strategy=kfold, fold=10, fold_shuffle=False, fold_groups=None, n_jobs=-1, use_gpu=False, custom_pipeline=None, html=True, session_id=None, log_experiment=False, experiment_name=None, log_plots=False, log_profile=False, log_data=False, silent=False, verbose=True, profile=False, profile_kwargs=None, display=None)
2022-06-22 12:56:59,421:INFO:Checking environment
2022-06-22 12:56:59,422:INFO:python_version: 3.8.8
2022-06-22 12:56:59,422:INFO:python_build: ('default', 'Feb 24 2021 15:54:32')
2022-06-22 12:56:59,422:INFO:machine: AMD64
2022-06-22 12:56:59,422:INFO:platform: Windows-10-10.0.19041-SP0
2022-06-22 12:56:59,422:INFO:Memory: svmem(total=34221117440, available=26152882176, percent=23.6, used=8068235264, free=26152882176)
2022-06-22 12:56:59,422:INFO:Physical Core: 4
2022-06-22 12:56:59,422:INFO:Logical Core: 8
2022-06-22 12:56:59,422:INFO:Checking libraries
2022-06-22 12:56:59,422:INFO:pd==1.2.4
2022-06-22 12:56:59,422:INFO:numpy==1.21.5
2022-06-22 12:56:59,422:INFO:sklearn==0.23.2
2022-06-22 12:56:59,422:INFO:lightgbm==3.2.1
2022-06-22 12:56:59,423:WARNING:catboost not found
2022-06-22 12:56:59,438:INFO:xgboost==1.5.0
2022-06-22 12:56:59,842:INFO:mlflow==1.23.1
2022-06-22 12:56:59,843:INFO:Checking Exceptions
2022-06-22 12:56:59,843:INFO:Declaring global variables
2022-06-22 12:56:59,843:INFO:USI: b535
2022-06-22 12:56:59,843:INFO:pycaret_globals: {'USI', 'exp_name_log', 'create_model_container', 'html_param', '_internal_pipeline', 'fold_shuffle_param', 'fix_imbalance_param', 'n_jobs_param', 'master_model_container', 'imputation_regressor', '_all_models', 'data_before_preprocess', '_all_models_internal', 'display_container', 'fold_generator', '_available_plots', 'target_param', 'experiment__', 'logging_param', 'seed', 'prep_pipe', '_all_metrics', 'fix_imbalance_method_param', 'X', 'stratify_param', 'fold_param', 'fold_groups_param_full', 'imputation_classifier', 'transform_target_param', 'log_plots_param', '_ml_usecase', 'iterative_imputation_iters_param', '_gpu_n_jobs_param', 'transform_target_method_param', 'fold_groups_param', 'pycaret_globals', 'gpu_param'}
2022-06-22 12:56:59,843:INFO:Preparing display monitor
2022-06-22 12:56:59,843:INFO:Preparing display monitor
2022-06-22 12:56:59,852:INFO:Importing libraries
2022-06-22 12:56:59,852:INFO:Copying data for preprocessing
2022-06-22 12:56:59,857:INFO:Declaring preprocessing parameters
2022-06-22 12:56:59,860:INFO:Creating preprocessing pipeline
2022-06-22 12:56:59,864:INFO:Preprocessing pipeline created successfully
2022-06-22 12:56:59,864:ERROR:(Process Exit): setup has been interupted with user command 'quit'. setup must rerun.
2022-06-22 12:56:59,864:INFO:Creating global containers
2022-06-22 12:56:59,865:INFO:Internal pipeline: Pipeline(memory=None, steps=[('empty_step', 'passthrough')], verbose=False)
2022-06-22 12:57:01,023:INFO:Creating grid variables
2022-06-22 12:57:01,036:INFO:create_model_container: 0
2022-06-22 12:57:01,036:INFO:master_model_container: 0
2022-06-22 12:57:01,036:INFO:display_container: 1
2022-06-22 12:57:01,040:INFO:Pipeline(memory=None,
         steps=[('dtypes',
                 DataTypes_Auto_infer(categorical_features=[],
                                      display_types=True, features_todrop=[],
                                      id_columns=[], ml_usecase='regression',
                                      numerical_features=[],
                                      target='UNSUPERVISED_DUMMY_TARGET',
                                      time_features=[])),
                ('imputer',
                 Simple_Imputer(categorical_strategy='most frequent',
                                fill_value_categorical=None,
                                fill_value_numerical=None...
                ('P_transform', 'passthrough'), ('binn', 'passthrough'),
                ('rem_outliers', 'passthrough'), ('cluster_all', 'passthrough'),
                ('dummy', Dummify(target='UNSUPERVISED_DUMMY_TARGET')),
                ('fix_perfect', 'passthrough'),
                ('clean_names', Clean_Colum_Names()),
                ('feature_select', 'passthrough'), ('fix_multi', 'passthrough'),
                ('dfs', 'passthrough'), ('pca', 'passthrough')],
         verbose=False)
2022-06-22 12:57:01,040:INFO:setup() succesfully completed......................................
2022-06-22 12:57:01,096:INFO:Initializing create_model()
2022-06-22 12:57:01,096:INFO:create_model(estimator=kmeans, num_clusters=5, fraction=0.05, ground_truth=None, round=4, fit_kwargs=None, verbose=True, system=True, add_to_model_list=True, raise_num_clusters=False, display=None, kwargs={})
2022-06-22 12:57:01,096:INFO:Checking exceptions
2022-06-22 12:57:01,097:INFO:Preparing display monitor
2022-06-22 12:57:01,108:INFO:Importing libraries
2022-06-22 12:57:01,116:INFO:Importing untrained model
2022-06-22 12:57:01,122:INFO:K-Means Clustering Imported succesfully
2022-06-22 12:57:01,130:INFO:Fitting Model
2022-06-22 12:57:01,177:INFO:KMeans(algorithm='auto', copy_x=True, init='k-means++', max_iter=300,
       n_clusters=5, n_init=10, n_jobs=-1, precompute_distances='deprecated',
       random_state=5977, tol=0.0001, verbose=0)
2022-06-22 12:57:01,178:INFO:create_models() succesfully completed......................................
2022-06-22 12:57:01,178:INFO:Uploading results into container
2022-06-22 12:57:01,181:INFO:Uploading model into container now
2022-06-22 12:57:01,185:INFO:create_model_container: 1
2022-06-22 12:57:01,186:INFO:master_model_container: 1
2022-06-22 12:57:01,186:INFO:display_container: 2
2022-06-22 12:57:01,186:INFO:KMeans(algorithm='auto', copy_x=True, init='k-means++', max_iter=300,
       n_clusters=5, n_init=10, n_jobs=-1, precompute_distances='deprecated',
       random_state=5977, tol=0.0001, verbose=0)
2022-06-22 12:57:01,186:INFO:create_model() succesfully completed......................................
2022-06-22 12:57:01,250:INFO:Initializing plot_model()
2022-06-22 12:57:01,250:INFO:plot_model(fold=None, use_train_data=False, verbose=True, is_in_evaluate=False, display=None, display_format=None, estimator=KMeans(algorithm='auto', copy_x=True, init='k-means++', max_iter=300,
       n_clusters=5, n_init=10, n_jobs=-1, precompute_distances='deprecated',
       random_state=5977, tol=0.0001, verbose=0), feature_name=None, fit_kwargs=None, groups=None, label=False, plot=elbow, plot_kwargs=None, save=False, scale=1, system=True)
2022-06-22 12:57:01,250:INFO:Checking exceptions
2022-06-22 12:57:01,250:INFO:Preparing display monitor
2022-06-22 12:57:01,258:INFO:Preloading libraries
2022-06-22 12:57:01,259:INFO:Copying training dataset
2022-06-22 12:57:01,259:INFO:Plot type: elbow
2022-06-22 12:57:01,270:INFO:Fitting Model
2022-06-22 12:57:01,882:INFO:Visual Rendered Successfully
2022-06-22 12:57:01,932:INFO:plot_model() succesfully completed......................................
2022-06-22 12:57:01,945:INFO:Initializing plot_model()
2022-06-22 12:57:01,945:INFO:plot_model(fold=None, use_train_data=False, verbose=True, is_in_evaluate=False, display=None, display_format=None, estimator=KMeans(algorithm='auto', copy_x=True, init='k-means++', max_iter=300,
       n_clusters=5, n_init=10, n_jobs=-1, precompute_distances='deprecated',
       random_state=5977, tol=0.0001, verbose=0), feature_name=None, fit_kwargs=None, groups=None, label=False, plot=cluster, plot_kwargs=None, save=False, scale=1, system=True)
2022-06-22 12:57:01,945:INFO:Checking exceptions
2022-06-22 12:57:01,946:INFO:Preparing display monitor
2022-06-22 12:57:01,951:INFO:Preloading libraries
2022-06-22 12:57:01,952:INFO:Copying training dataset
2022-06-22 12:57:01,952:INFO:Plot type: cluster
2022-06-22 12:57:01,953:INFO:SubProcess assign_model() called ==================================
2022-06-22 12:57:01,954:INFO:Initializing assign_model()
2022-06-22 12:57:01,954:INFO:assign_model(model=Pipeline(memory=None,
         steps=[('empty_step', 'passthrough'),
                ('actual_estimator',
                 KMeans(algorithm='auto', copy_x=True, init='k-means++',
                        max_iter=300, n_clusters=5, n_init=10, n_jobs=-1,
                        precompute_distances='deprecated', random_state=5977,
                        tol=0.0001, verbose=0))],
         verbose=False), transformation=True, score=True, verbose=False)
2022-06-22 12:57:01,954:INFO:Checking exceptions
2022-06-22 12:57:01,954:INFO:Determining Trained Model
2022-06-22 12:57:01,954:INFO:Trained Model : K-Means Clustering
2022-06-22 12:57:01,954:INFO:Copying data
2022-06-22 12:57:01,954:INFO:Transformation param set to True. Assigned clusters are attached on transformed dataset.
2022-06-22 12:57:01,955:INFO:(129, 26)
2022-06-22 12:57:01,955:INFO:assign_model() succesfully completed......................................
2022-06-22 12:57:01,956:INFO:SubProcess assign_model() end ==================================
2022-06-22 12:57:01,960:INFO:Fitting PCA()
2022-06-22 12:57:01,962:INFO:Sorting dataframe
2022-06-22 12:57:01,965:INFO:Rendering Visual
2022-06-22 12:57:02,661:INFO:Visual Rendered Successfully
2022-06-22 12:57:02,722:INFO:plot_model() succesfully completed......................................
2022-06-22 12:57:02,732:INFO:Initializing assign_model()
2022-06-22 12:57:02,733:INFO:assign_model(model=KMeans(algorithm='auto', copy_x=True, init='k-means++', max_iter=300,
       n_clusters=5, n_init=10, n_jobs=-1, precompute_distances='deprecated',
       random_state=5977, tol=0.0001, verbose=0), transformation=False, score=True, verbose=True)
2022-06-22 12:57:02,733:INFO:Checking exceptions
2022-06-22 12:57:02,733:INFO:Determining Trained Model
2022-06-22 12:57:02,733:INFO:Trained Model : K-Means Clustering
2022-06-22 12:57:02,733:INFO:Copying data
2022-06-22 12:57:02,733:INFO:(129, 6)
2022-06-22 12:57:02,733:INFO:assign_model() succesfully completed......................................
2022-06-22 12:57:59,797:INFO:PyCaret Supervised Module
2022-06-22 12:57:59,798:INFO:ML Usecase: clustering
2022-06-22 12:57:59,798:INFO:version 2.3.6
2022-06-22 12:57:59,798:INFO:Initializing setup()
2022-06-22 12:57:59,798:INFO:setup(target=None, ml_usecase=clustering, available_plots={'cluster': 'Cluster PCA Plot (2d)', 'tsne': 'Cluster TSnE (3d)', 'elbow': 'Elbow', 'silhouette': 'Silhouette', 'distance': 'Distance', 'distribution': 'Distribution'}, train_size=0.7, test_data=None, preprocess=True, imputation_type=simple, iterative_imputation_iters=5, categorical_features=None, categorical_imputation=mode, categorical_iterative_imputer=lightgbm, ordinal_features=None, high_cardinality_features=None, high_cardinality_method=frequency, numeric_features=None, numeric_imputation=mean, numeric_iterative_imputer=lightgbm, date_features=None, ignore_features=None, normalize=True, normalize_method=zscore, transformation=False, transformation_method=yeo-johnson, handle_unknown_categorical=True, unknown_categorical_method=least_frequent, pca=False, pca_method=linear, pca_components=None, ignore_low_variance=False, combine_rare_levels=False, rare_level_threshold=0.1, bin_numeric_features=None, remove_outliers=False, outliers_threshold=0.05, remove_multicollinearity=False, multicollinearity_threshold=0.9, remove_perfect_collinearity=False, create_clusters=False, cluster_iter=20, polynomial_features=False, polynomial_degree=2, trigonometry_features=False, polynomial_threshold=0.1, group_features=None, group_names=None, feature_selection=False, feature_selection_threshold=0.8, feature_selection_method=classic, feature_interaction=False, feature_ratio=False, interaction_threshold=0.01, fix_imbalance=False, fix_imbalance_method=None, transform_target=False, transform_target_method=box-cox, data_split_shuffle=False, data_split_stratify=False, fold_strategy=kfold, fold=10, fold_shuffle=False, fold_groups=None, n_jobs=-1, use_gpu=False, custom_pipeline=None, html=True, session_id=None, log_experiment=False, experiment_name=None, log_plots=False, log_profile=False, log_data=False, silent=False, verbose=True, profile=False, profile_kwargs=None, display=None)
2022-06-22 12:57:59,798:INFO:Checking environment
2022-06-22 12:57:59,798:INFO:python_version: 3.8.8
2022-06-22 12:57:59,798:INFO:python_build: ('default', 'Feb 24 2021 15:54:32')
2022-06-22 12:57:59,798:INFO:machine: AMD64
2022-06-22 12:57:59,798:INFO:platform: Windows-10-10.0.19041-SP0
2022-06-22 12:57:59,798:INFO:Memory: svmem(total=34221117440, available=26128834560, percent=23.6, used=8092282880, free=26128834560)
2022-06-22 12:57:59,798:INFO:Physical Core: 4
2022-06-22 12:57:59,798:INFO:Logical Core: 8
2022-06-22 12:57:59,798:INFO:Checking libraries
2022-06-22 12:57:59,798:INFO:pd==1.2.4
2022-06-22 12:57:59,798:INFO:numpy==1.21.5
2022-06-22 12:57:59,798:INFO:sklearn==0.23.2
2022-06-22 12:57:59,798:INFO:lightgbm==3.2.1
2022-06-22 12:57:59,799:WARNING:catboost not found
2022-06-22 12:57:59,814:INFO:xgboost==1.5.0
2022-06-22 12:58:00,263:INFO:mlflow==1.23.1
2022-06-22 12:58:00,264:INFO:Checking Exceptions
2022-06-22 12:58:00,264:INFO:Declaring global variables
2022-06-22 12:58:00,264:INFO:USI: 439a
2022-06-22 12:58:00,264:INFO:pycaret_globals: {'X', '_all_metrics', 'logging_param', 'fold_generator', '_internal_pipeline', 'fix_imbalance_method_param', 'html_param', 'fold_shuffle_param', '_available_plots', 'imputation_regressor', 'data_before_preprocess', '_ml_usecase', 'gpu_param', 'imputation_classifier', 'display_container', 'fold_groups_param', 'fold_param', 'experiment__', 'transform_target_method_param', 'exp_name_log', 'pycaret_globals', 'create_model_container', 'n_jobs_param', 'log_plots_param', 'seed', 'target_param', 'iterative_imputation_iters_param', 'master_model_container', 'fold_groups_param_full', '_all_models', '_all_models_internal', 'stratify_param', 'prep_pipe', 'fix_imbalance_param', 'transform_target_param', 'USI', '_gpu_n_jobs_param'}
2022-06-22 12:58:00,264:INFO:Preparing display monitor
2022-06-22 12:58:00,264:INFO:Preparing display monitor
2022-06-22 12:58:00,273:INFO:Importing libraries
2022-06-22 12:58:00,273:INFO:Copying data for preprocessing
2022-06-22 12:58:00,279:INFO:Declaring preprocessing parameters
2022-06-22 12:58:00,282:INFO:Creating preprocessing pipeline
2022-06-22 12:58:00,287:INFO:Preprocessing pipeline created successfully
2022-06-22 12:58:00,287:ERROR:(Process Exit): setup has been interupted with user command 'quit'. setup must rerun.
2022-06-22 12:58:00,287:INFO:Creating global containers
2022-06-22 12:58:00,288:INFO:Internal pipeline: Pipeline(memory=None, steps=[('empty_step', 'passthrough')], verbose=False)
2022-06-22 12:58:00,848:INFO:Creating grid variables
2022-06-22 12:58:00,860:INFO:create_model_container: 0
2022-06-22 12:58:00,860:INFO:master_model_container: 0
2022-06-22 12:58:00,860:INFO:display_container: 1
2022-06-22 12:58:00,864:INFO:Pipeline(memory=None,
         steps=[('dtypes',
                 DataTypes_Auto_infer(categorical_features=[],
                                      display_types=True, features_todrop=[],
                                      id_columns=[], ml_usecase='regression',
                                      numerical_features=[],
                                      target='UNSUPERVISED_DUMMY_TARGET',
                                      time_features=[])),
                ('imputer',
                 Simple_Imputer(categorical_strategy='most frequent',
                                fill_value_categorical=None,
                                fill_value_numerical=None...
                ('P_transform', 'passthrough'), ('binn', 'passthrough'),
                ('rem_outliers', 'passthrough'), ('cluster_all', 'passthrough'),
                ('dummy', Dummify(target='UNSUPERVISED_DUMMY_TARGET')),
                ('fix_perfect', 'passthrough'),
                ('clean_names', Clean_Colum_Names()),
                ('feature_select', 'passthrough'), ('fix_multi', 'passthrough'),
                ('dfs', 'passthrough'), ('pca', 'passthrough')],
         verbose=False)
2022-06-22 12:58:00,864:INFO:setup() succesfully completed......................................
2022-06-22 12:58:00,913:INFO:Initializing create_model()
2022-06-22 12:58:00,913:INFO:create_model(estimator=kmeans, num_clusters=5, fraction=0.05, ground_truth=None, round=4, fit_kwargs=None, verbose=True, system=True, add_to_model_list=True, raise_num_clusters=False, display=None, kwargs={})
2022-06-22 12:58:00,913:INFO:Checking exceptions
2022-06-22 12:58:00,913:INFO:Preparing display monitor
2022-06-22 12:58:00,927:INFO:Importing libraries
2022-06-22 12:58:00,933:INFO:Importing untrained model
2022-06-22 12:58:00,941:INFO:K-Means Clustering Imported succesfully
2022-06-22 12:58:00,948:INFO:Fitting Model
2022-06-22 12:58:00,995:INFO:KMeans(algorithm='auto', copy_x=True, init='k-means++', max_iter=300,
       n_clusters=5, n_init=10, n_jobs=-1, precompute_distances='deprecated',
       random_state=1211, tol=0.0001, verbose=0)
2022-06-22 12:58:00,995:INFO:create_models() succesfully completed......................................
2022-06-22 12:58:00,995:INFO:Uploading results into container
2022-06-22 12:58:00,998:INFO:Uploading model into container now
2022-06-22 12:58:01,004:INFO:create_model_container: 1
2022-06-22 12:58:01,004:INFO:master_model_container: 1
2022-06-22 12:58:01,004:INFO:display_container: 2
2022-06-22 12:58:01,004:INFO:KMeans(algorithm='auto', copy_x=True, init='k-means++', max_iter=300,
       n_clusters=5, n_init=10, n_jobs=-1, precompute_distances='deprecated',
       random_state=1211, tol=0.0001, verbose=0)
2022-06-22 12:58:01,004:INFO:create_model() succesfully completed......................................
2022-06-22 12:58:01,079:INFO:Initializing plot_model()
2022-06-22 12:58:01,080:INFO:plot_model(fold=None, use_train_data=False, verbose=True, is_in_evaluate=False, display=None, display_format=None, estimator=KMeans(algorithm='auto', copy_x=True, init='k-means++', max_iter=300,
       n_clusters=5, n_init=10, n_jobs=-1, precompute_distances='deprecated',
       random_state=1211, tol=0.0001, verbose=0), feature_name=None, fit_kwargs=None, groups=None, label=False, plot=elbow, plot_kwargs=None, save=False, scale=1, system=True)
2022-06-22 12:58:01,080:INFO:Checking exceptions
2022-06-22 12:58:01,080:INFO:Preparing display monitor
2022-06-22 12:58:01,087:INFO:Preloading libraries
2022-06-22 12:58:01,088:INFO:Copying training dataset
2022-06-22 12:58:01,088:INFO:Plot type: elbow
2022-06-22 12:58:01,101:INFO:Fitting Model
2022-06-22 12:58:01,716:INFO:Visual Rendered Successfully
2022-06-22 12:58:01,766:INFO:plot_model() succesfully completed......................................
2022-06-22 12:58:01,774:INFO:Initializing plot_model()
2022-06-22 12:58:01,775:INFO:plot_model(fold=None, use_train_data=False, verbose=True, is_in_evaluate=False, display=None, display_format=None, estimator=KMeans(algorithm='auto', copy_x=True, init='k-means++', max_iter=300,
       n_clusters=5, n_init=10, n_jobs=-1, precompute_distances='deprecated',
       random_state=1211, tol=0.0001, verbose=0), feature_name=None, fit_kwargs=None, groups=None, label=False, plot=cluster, plot_kwargs=None, save=False, scale=1, system=True)
2022-06-22 12:58:01,775:INFO:Checking exceptions
2022-06-22 12:58:01,775:INFO:Preparing display monitor
2022-06-22 12:58:01,780:INFO:Preloading libraries
2022-06-22 12:58:01,781:INFO:Copying training dataset
2022-06-22 12:58:01,781:INFO:Plot type: cluster
2022-06-22 12:58:01,782:INFO:SubProcess assign_model() called ==================================
2022-06-22 12:58:01,783:INFO:Initializing assign_model()
2022-06-22 12:58:01,783:INFO:assign_model(model=Pipeline(memory=None,
         steps=[('empty_step', 'passthrough'),
                ('actual_estimator',
                 KMeans(algorithm='auto', copy_x=True, init='k-means++',
                        max_iter=300, n_clusters=5, n_init=10, n_jobs=-1,
                        precompute_distances='deprecated', random_state=1211,
                        tol=0.0001, verbose=0))],
         verbose=False), transformation=True, score=True, verbose=False)
2022-06-22 12:58:01,783:INFO:Checking exceptions
2022-06-22 12:58:01,783:INFO:Determining Trained Model
2022-06-22 12:58:01,783:INFO:Trained Model : K-Means Clustering
2022-06-22 12:58:01,783:INFO:Copying data
2022-06-22 12:58:01,783:INFO:Transformation param set to True. Assigned clusters are attached on transformed dataset.
2022-06-22 12:58:01,785:INFO:(129, 26)
2022-06-22 12:58:01,785:INFO:assign_model() succesfully completed......................................
2022-06-22 12:58:01,785:INFO:SubProcess assign_model() end ==================================
2022-06-22 12:58:01,788:INFO:Fitting PCA()
2022-06-22 12:58:01,791:INFO:Sorting dataframe
2022-06-22 12:58:01,793:INFO:Rendering Visual
2022-06-22 12:58:02,468:INFO:Visual Rendered Successfully
2022-06-22 12:58:02,530:INFO:plot_model() succesfully completed......................................
2022-06-22 12:58:02,550:INFO:Initializing assign_model()
2022-06-22 12:58:02,551:INFO:assign_model(model=KMeans(algorithm='auto', copy_x=True, init='k-means++', max_iter=300,
       n_clusters=5, n_init=10, n_jobs=-1, precompute_distances='deprecated',
       random_state=1211, tol=0.0001, verbose=0), transformation=False, score=True, verbose=True)
2022-06-22 12:58:02,551:INFO:Checking exceptions
2022-06-22 12:58:02,551:INFO:Determining Trained Model
2022-06-22 12:58:02,551:INFO:Trained Model : K-Means Clustering
2022-06-22 12:58:02,551:INFO:Copying data
2022-06-22 12:58:02,552:INFO:(129, 6)
2022-06-22 12:58:02,552:INFO:assign_model() succesfully completed......................................
2022-06-22 13:09:13,075:INFO:PyCaret Supervised Module
2022-06-22 13:09:13,075:INFO:ML Usecase: clustering
2022-06-22 13:09:13,075:INFO:version 2.3.6
2022-06-22 13:09:13,075:INFO:Initializing setup()
2022-06-22 13:09:13,075:INFO:setup(target=None, ml_usecase=clustering, available_plots={'cluster': 'Cluster PCA Plot (2d)', 'tsne': 'Cluster TSnE (3d)', 'elbow': 'Elbow', 'silhouette': 'Silhouette', 'distance': 'Distance', 'distribution': 'Distribution'}, train_size=0.7, test_data=None, preprocess=True, imputation_type=simple, iterative_imputation_iters=5, categorical_features=None, categorical_imputation=mode, categorical_iterative_imputer=lightgbm, ordinal_features=None, high_cardinality_features=None, high_cardinality_method=frequency, numeric_features=None, numeric_imputation=mean, numeric_iterative_imputer=lightgbm, date_features=None, ignore_features=None, normalize=True, normalize_method=zscore, transformation=False, transformation_method=yeo-johnson, handle_unknown_categorical=True, unknown_categorical_method=least_frequent, pca=False, pca_method=linear, pca_components=None, ignore_low_variance=False, combine_rare_levels=False, rare_level_threshold=0.1, bin_numeric_features=None, remove_outliers=False, outliers_threshold=0.05, remove_multicollinearity=False, multicollinearity_threshold=0.9, remove_perfect_collinearity=False, create_clusters=False, cluster_iter=20, polynomial_features=False, polynomial_degree=2, trigonometry_features=False, polynomial_threshold=0.1, group_features=None, group_names=None, feature_selection=False, feature_selection_threshold=0.8, feature_selection_method=classic, feature_interaction=False, feature_ratio=False, interaction_threshold=0.01, fix_imbalance=False, fix_imbalance_method=None, transform_target=False, transform_target_method=box-cox, data_split_shuffle=False, data_split_stratify=False, fold_strategy=kfold, fold=10, fold_shuffle=False, fold_groups=None, n_jobs=-1, use_gpu=False, custom_pipeline=None, html=True, session_id=None, log_experiment=False, experiment_name=None, log_plots=False, log_profile=False, log_data=False, silent=False, verbose=True, profile=False, profile_kwargs=None, display=None)
2022-06-22 13:09:13,075:INFO:Checking environment
2022-06-22 13:09:13,075:INFO:python_version: 3.8.8
2022-06-22 13:09:13,075:INFO:python_build: ('default', 'Feb 24 2021 15:54:32')
2022-06-22 13:09:13,075:INFO:machine: AMD64
2022-06-22 13:09:13,075:INFO:platform: Windows-10-10.0.19041-SP0
2022-06-22 13:09:13,075:INFO:Memory: svmem(total=34221117440, available=24906117120, percent=27.2, used=9315000320, free=24906117120)
2022-06-22 13:09:13,075:INFO:Physical Core: 4
2022-06-22 13:09:13,075:INFO:Logical Core: 8
2022-06-22 13:09:13,075:INFO:Checking libraries
2022-06-22 13:09:13,076:INFO:pd==1.2.4
2022-06-22 13:09:13,076:INFO:numpy==1.21.5
2022-06-22 13:09:13,076:INFO:sklearn==0.23.2
2022-06-22 13:09:13,076:INFO:lightgbm==3.2.1
2022-06-22 13:09:13,076:WARNING:catboost not found
2022-06-22 13:09:13,093:INFO:xgboost==1.5.0
2022-06-22 13:09:13,594:INFO:mlflow==1.23.1
2022-06-22 13:09:13,595:INFO:Checking Exceptions
2022-06-22 13:09:13,595:INFO:Declaring global variables
2022-06-22 13:09:13,595:INFO:USI: 4121
2022-06-22 13:09:13,595:INFO:pycaret_globals: {'fold_param', 'fix_imbalance_param', 'seed', 'n_jobs_param', '_internal_pipeline', 'fold_shuffle_param', '_ml_usecase', 'fold_groups_param_full', 'stratify_param', 'imputation_classifier', 'imputation_regressor', 'fold_generator', 'gpu_param', '_all_metrics', 'pycaret_globals', 'logging_param', 'transform_target_param', '_gpu_n_jobs_param', 'master_model_container', '_available_plots', 'exp_name_log', 'transform_target_method_param', 'display_container', '_all_models', 'iterative_imputation_iters_param', 'X', 'prep_pipe', '_all_models_internal', 'experiment__', 'log_plots_param', 'data_before_preprocess', 'target_param', 'html_param', 'fix_imbalance_method_param', 'USI', 'create_model_container', 'fold_groups_param'}
2022-06-22 13:09:13,595:INFO:Preparing display monitor
2022-06-22 13:09:13,595:INFO:Preparing display monitor
2022-06-22 13:09:13,604:INFO:Importing libraries
2022-06-22 13:09:13,604:INFO:Copying data for preprocessing
2022-06-22 13:09:13,610:INFO:Declaring preprocessing parameters
2022-06-22 13:09:13,612:INFO:Creating preprocessing pipeline
2022-06-22 13:09:13,617:INFO:Preprocessing pipeline created successfully
2022-06-22 13:09:13,617:ERROR:(Process Exit): setup has been interupted with user command 'quit'. setup must rerun.
2022-06-22 13:09:13,617:INFO:Creating global containers
2022-06-22 13:09:13,619:INFO:Internal pipeline: Pipeline(memory=None, steps=[('empty_step', 'passthrough')], verbose=False)
2022-06-22 13:09:14,557:INFO:Creating grid variables
2022-06-22 13:09:14,570:INFO:create_model_container: 0
2022-06-22 13:09:14,570:INFO:master_model_container: 0
2022-06-22 13:09:14,570:INFO:display_container: 1
2022-06-22 13:09:14,574:INFO:Pipeline(memory=None,
         steps=[('dtypes',
                 DataTypes_Auto_infer(categorical_features=[],
                                      display_types=True, features_todrop=[],
                                      id_columns=[], ml_usecase='regression',
                                      numerical_features=[],
                                      target='UNSUPERVISED_DUMMY_TARGET',
                                      time_features=[])),
                ('imputer',
                 Simple_Imputer(categorical_strategy='most frequent',
                                fill_value_categorical=None,
                                fill_value_numerical=None...
                ('P_transform', 'passthrough'), ('binn', 'passthrough'),
                ('rem_outliers', 'passthrough'), ('cluster_all', 'passthrough'),
                ('dummy', Dummify(target='UNSUPERVISED_DUMMY_TARGET')),
                ('fix_perfect', 'passthrough'),
                ('clean_names', Clean_Colum_Names()),
                ('feature_select', 'passthrough'), ('fix_multi', 'passthrough'),
                ('dfs', 'passthrough'), ('pca', 'passthrough')],
         verbose=False)
2022-06-22 13:09:14,574:INFO:setup() succesfully completed......................................
2022-06-22 13:09:14,624:INFO:Initializing create_model()
2022-06-22 13:09:14,624:INFO:create_model(estimator=kmeans, num_clusters=5, fraction=0.05, ground_truth=None, round=4, fit_kwargs=None, verbose=True, system=True, add_to_model_list=True, raise_num_clusters=False, display=None, kwargs={})
2022-06-22 13:09:14,624:INFO:Checking exceptions
2022-06-22 13:09:14,625:INFO:Preparing display monitor
2022-06-22 13:09:14,638:INFO:Importing libraries
2022-06-22 13:09:14,645:INFO:Importing untrained model
2022-06-22 13:09:14,653:INFO:K-Means Clustering Imported succesfully
2022-06-22 13:09:14,659:INFO:Fitting Model
2022-06-22 13:09:14,704:INFO:KMeans(algorithm='auto', copy_x=True, init='k-means++', max_iter=300,
       n_clusters=5, n_init=10, n_jobs=-1, precompute_distances='deprecated',
       random_state=3285, tol=0.0001, verbose=0)
2022-06-22 13:09:14,705:INFO:create_models() succesfully completed......................................
2022-06-22 13:09:14,705:INFO:Uploading results into container
2022-06-22 13:09:14,707:INFO:Uploading model into container now
2022-06-22 13:09:14,712:INFO:create_model_container: 1
2022-06-22 13:09:14,712:INFO:master_model_container: 1
2022-06-22 13:09:14,712:INFO:display_container: 2
2022-06-22 13:09:14,712:INFO:KMeans(algorithm='auto', copy_x=True, init='k-means++', max_iter=300,
       n_clusters=5, n_init=10, n_jobs=-1, precompute_distances='deprecated',
       random_state=3285, tol=0.0001, verbose=0)
2022-06-22 13:09:14,713:INFO:create_model() succesfully completed......................................
2022-06-22 13:09:14,776:INFO:Initializing plot_model()
2022-06-22 13:09:14,776:INFO:plot_model(fold=None, use_train_data=False, verbose=True, is_in_evaluate=False, display=None, display_format=None, estimator=KMeans(algorithm='auto', copy_x=True, init='k-means++', max_iter=300,
       n_clusters=5, n_init=10, n_jobs=-1, precompute_distances='deprecated',
       random_state=3285, tol=0.0001, verbose=0), feature_name=None, fit_kwargs=None, groups=None, label=False, plot=elbow, plot_kwargs=None, save=False, scale=1, system=True)
2022-06-22 13:09:14,777:INFO:Checking exceptions
2022-06-22 13:09:14,777:INFO:Preparing display monitor
2022-06-22 13:09:14,782:INFO:Preloading libraries
2022-06-22 13:09:14,783:INFO:Copying training dataset
2022-06-22 13:09:14,783:INFO:Plot type: elbow
2022-06-22 13:09:14,794:INFO:Fitting Model
2022-06-22 13:09:15,420:INFO:Visual Rendered Successfully
2022-06-22 13:09:15,472:INFO:plot_model() succesfully completed......................................
2022-06-22 13:09:15,486:INFO:Initializing plot_model()
2022-06-22 13:09:15,486:INFO:plot_model(fold=None, use_train_data=False, verbose=True, is_in_evaluate=False, display=None, display_format=None, estimator=KMeans(algorithm='auto', copy_x=True, init='k-means++', max_iter=300,
       n_clusters=5, n_init=10, n_jobs=-1, precompute_distances='deprecated',
       random_state=3285, tol=0.0001, verbose=0), feature_name=None, fit_kwargs=None, groups=None, label=False, plot=cluster, plot_kwargs=None, save=False, scale=1, system=True)
2022-06-22 13:09:15,486:INFO:Checking exceptions
2022-06-22 13:09:15,486:INFO:Preparing display monitor
2022-06-22 13:09:15,491:INFO:Preloading libraries
2022-06-22 13:09:15,492:INFO:Copying training dataset
2022-06-22 13:09:15,492:INFO:Plot type: cluster
2022-06-22 13:09:15,493:INFO:SubProcess assign_model() called ==================================
2022-06-22 13:09:15,494:INFO:Initializing assign_model()
2022-06-22 13:09:15,494:INFO:assign_model(model=Pipeline(memory=None,
         steps=[('empty_step', 'passthrough'),
                ('actual_estimator',
                 KMeans(algorithm='auto', copy_x=True, init='k-means++',
                        max_iter=300, n_clusters=5, n_init=10, n_jobs=-1,
                        precompute_distances='deprecated', random_state=3285,
                        tol=0.0001, verbose=0))],
         verbose=False), transformation=True, score=True, verbose=False)
2022-06-22 13:09:15,494:INFO:Checking exceptions
2022-06-22 13:09:15,494:INFO:Determining Trained Model
2022-06-22 13:09:15,494:INFO:Trained Model : K-Means Clustering
2022-06-22 13:09:15,494:INFO:Copying data
2022-06-22 13:09:15,494:INFO:Transformation param set to True. Assigned clusters are attached on transformed dataset.
2022-06-22 13:09:15,495:INFO:(129, 26)
2022-06-22 13:09:15,495:INFO:assign_model() succesfully completed......................................
2022-06-22 13:09:15,495:INFO:SubProcess assign_model() end ==================================
2022-06-22 13:09:15,499:INFO:Fitting PCA()
2022-06-22 13:09:15,503:INFO:Sorting dataframe
2022-06-22 13:09:15,505:INFO:Rendering Visual
2022-06-22 13:09:16,176:INFO:Visual Rendered Successfully
2022-06-22 13:09:16,238:INFO:plot_model() succesfully completed......................................
2022-06-22 13:09:16,254:INFO:Initializing assign_model()
2022-06-22 13:09:16,254:INFO:assign_model(model=KMeans(algorithm='auto', copy_x=True, init='k-means++', max_iter=300,
       n_clusters=5, n_init=10, n_jobs=-1, precompute_distances='deprecated',
       random_state=3285, tol=0.0001, verbose=0), transformation=False, score=True, verbose=True)
2022-06-22 13:09:16,254:INFO:Checking exceptions
2022-06-22 13:09:16,254:INFO:Determining Trained Model
2022-06-22 13:09:16,255:INFO:Trained Model : K-Means Clustering
2022-06-22 13:09:16,255:INFO:Copying data
2022-06-22 13:09:16,255:INFO:(129, 6)
2022-06-22 13:09:16,255:INFO:assign_model() succesfully completed......................................
